2018-11-14 15:57:17.319 |-INFO  [restartedMain] com.lowyer.BootApplication [50] -| Starting BootApplication on PC-20170630OVOP with PID 17328 (D:\gitresource\zjh\zhoujunhao\mylawyer\target\classes started by Administrator in D:\gitresource\zjh\zhoujunhao\mylawyer)
2018-11-14 15:57:17.320 |-INFO  [restartedMain] com.lowyer.BootApplication [666] -| The following profiles are active: dev
2018-11-14 15:57:17.322 |-INFO  [restartedMain] org.springframework.boot.web.servlet.context.AnnotationConfigServletWebServerApplicationContext [590] -| Refreshing org.springframework.boot.web.servlet.context.AnnotationConfigServletWebServerApplicationContext@1ff05056: startup date [Wed Nov 14 15:57:17 CST 2018]; root of context hierarchy
2018-11-14 15:57:17.912 |-INFO  [restartedMain] org.springframework.boot.web.embedded.tomcat.TomcatWebServer [91] -| Tomcat initialized with port(s): 8081 (http)
2018-11-14 15:57:17.913 |-INFO  [restartedMain] org.apache.coyote.http11.Http11NioProtocol [180] -| Initializing ProtocolHandler ["http-nio-8081"]
2018-11-14 15:57:17.914 |-INFO  [restartedMain] org.apache.catalina.core.StandardService [180] -| Starting service [Tomcat]
2018-11-14 15:57:17.914 |-INFO  [restartedMain] org.apache.catalina.core.StandardEngine [180] -| Starting Servlet Engine: Apache Tomcat/8.5.32
2018-11-14 15:57:17.955 |-INFO  [localhost-startStop-1] org.apache.catalina.core.ContainerBase.[Tomcat].[localhost].[/] [180] -| Initializing Spring embedded WebApplicationContext
2018-11-14 15:57:17.956 |-INFO  [localhost-startStop-1] org.springframework.web.context.ContextLoader [285] -| Root WebApplicationContext: initialization completed in 634 ms
2018-11-14 15:57:17.964 |-INFO  [localhost-startStop-1] org.springframework.boot.web.servlet.ServletRegistrationBean [187] -| Servlet dispatcherServlet mapped to [/]
2018-11-14 15:57:17.965 |-INFO  [localhost-startStop-1] org.springframework.boot.web.servlet.FilterRegistrationBean [245] -| Mapping filter: 'characterEncodingFilter' to: [/*]
2018-11-14 15:57:17.965 |-INFO  [localhost-startStop-1] org.springframework.boot.web.servlet.FilterRegistrationBean [245] -| Mapping filter: 'hiddenHttpMethodFilter' to: [/*]
2018-11-14 15:57:17.965 |-INFO  [localhost-startStop-1] org.springframework.boot.web.servlet.FilterRegistrationBean [245] -| Mapping filter: 'httpPutFormContentFilter' to: [/*]
2018-11-14 15:57:17.965 |-INFO  [localhost-startStop-1] org.springframework.boot.web.servlet.FilterRegistrationBean [245] -| Mapping filter: 'requestContextFilter' to: [/*]
2018-11-14 15:57:18.090 |-INFO  [restartedMain] org.springframework.web.servlet.handler.SimpleUrlHandlerMapping [373] -| Mapped URL path [/**/favicon.ico] onto handler of type [class org.springframework.web.servlet.resource.ResourceHttpRequestHandler]
2018-11-14 15:57:18.105 |-INFO  [restartedMain] org.springframework.web.servlet.mvc.method.annotation.RequestMappingHandlerAdapter [574] -| Looking for @ControllerAdvice: org.springframework.boot.web.servlet.context.AnnotationConfigServletWebServerApplicationContext@1ff05056: startup date [Wed Nov 14 15:57:17 CST 2018]; root of context hierarchy
2018-11-14 15:57:18.111 |-INFO  [restartedMain] org.springframework.web.servlet.mvc.method.annotation.RequestMappingHandlerMapping [547] -| Mapped "{[/]}" onto public java.lang.String com.lowyer.controller.DataController.test()
2018-11-14 15:57:18.112 |-INFO  [restartedMain] org.springframework.web.servlet.mvc.method.annotation.RequestMappingHandlerMapping [547] -| Mapped "{[/rest]}" onto public java.lang.String com.lowyer.controller.DataController.rest(java.lang.String,java.lang.String,java.lang.String)
2018-11-14 15:57:18.113 |-INFO  [restartedMain] org.springframework.web.servlet.mvc.method.annotation.RequestMappingHandlerMapping [547] -| Mapped "{[/error]}" onto public org.springframework.http.ResponseEntity<java.util.Map<java.lang.String, java.lang.Object>> org.springframework.boot.autoconfigure.web.servlet.error.BasicErrorController.error(javax.servlet.http.HttpServletRequest)
2018-11-14 15:57:18.113 |-INFO  [restartedMain] org.springframework.web.servlet.mvc.method.annotation.RequestMappingHandlerMapping [547] -| Mapped "{[/error],produces=[text/html]}" onto public org.springframework.web.servlet.ModelAndView org.springframework.boot.autoconfigure.web.servlet.error.BasicErrorController.errorHtml(javax.servlet.http.HttpServletRequest,javax.servlet.http.HttpServletResponse)
2018-11-14 15:57:18.119 |-INFO  [restartedMain] org.springframework.web.servlet.handler.SimpleUrlHandlerMapping [373] -| Mapped URL path [/webjars/**] onto handler of type [class org.springframework.web.servlet.resource.ResourceHttpRequestHandler]
2018-11-14 15:57:18.120 |-INFO  [restartedMain] org.springframework.web.servlet.handler.SimpleUrlHandlerMapping [373] -| Mapped URL path [/**] onto handler of type [class org.springframework.web.servlet.resource.ResourceHttpRequestHandler]
2018-11-14 15:57:18.139 |-WARN  [restartedMain] org.springframework.boot.autoconfigure.thymeleaf.ThymeleafAutoConfiguration$DefaultTemplateResolverConfiguration [104] -| Cannot find template location: classpath:/templates/ (please add some templates or check your Thymeleaf configuration)
2018-11-14 15:57:18.154 |-INFO  [restartedMain] org.springframework.ui.freemarker.SpringTemplateLoader [62] -| SpringTemplateLoader for FreeMarker: using resource loader [org.springframework.boot.web.servlet.context.AnnotationConfigServletWebServerApplicationContext@1ff05056: startup date [Wed Nov 14 15:57:17 CST 2018]; root of context hierarchy] and template loader path [classpath:/templates/]
2018-11-14 15:57:18.155 |-INFO  [restartedMain] org.springframework.web.servlet.view.freemarker.FreeMarkerConfigurer [131] -| ClassTemplateLoader for Spring macros added to FreeMarker configuration
2018-11-14 15:57:18.158 |-WARN  [restartedMain] org.springframework.boot.autoconfigure.freemarker.FreeMarkerAutoConfiguration [70] -| Cannot find template location(s): [classpath:/templates/] (please add some templates, check your FreeMarker configuration, or set spring.freemarker.checkTemplateLocation=false)
2018-11-14 15:57:18.205 |-INFO  [restartedMain] org.springframework.boot.devtools.autoconfigure.OptionalLiveReloadServer [57] -| LiveReload server is running on port 35729
2018-11-14 15:57:18.215 |-INFO  [restartedMain] org.springframework.jmx.export.annotation.AnnotationMBeanExporter [433] -| Registering beans for JMX exposure on startup
2018-11-14 15:57:18.216 |-INFO  [restartedMain] org.springframework.jmx.export.annotation.AnnotationMBeanExporter [895] -| Bean with name 'dataSource' has been autodetected for JMX exposure
2018-11-14 15:57:18.218 |-INFO  [restartedMain] org.springframework.jmx.export.annotation.AnnotationMBeanExporter [668] -| Located MBean 'dataSource': registering with JMX server as MBean [com.alibaba.druid.pool:name=dataSource,type=DruidDataSource]
2018-11-14 15:57:18.222 |-INFO  [restartedMain] org.apache.coyote.http11.Http11NioProtocol [180] -| Starting ProtocolHandler ["http-nio-8081"]
2018-11-14 15:57:18.224 |-INFO  [restartedMain] org.apache.tomcat.util.net.NioSelectorPool [180] -| Using a shared selector for servlet write/read
2018-11-14 15:57:18.229 |-INFO  [restartedMain] org.springframework.boot.web.embedded.tomcat.TomcatWebServer [206] -| Tomcat started on port(s): 8081 (http) with context path ''
2018-11-14 15:57:18.230 |-INFO  [restartedMain] com.lowyer.BootApplication [59] -| Started BootApplication in 0.946 seconds (JVM running for 4645.079)
2018-11-14 15:57:18.232 |-INFO  [restartedMain] org.springframework.boot.devtools.autoconfigure.ConditionEvaluationDeltaLoggingListener [56] -| Condition evaluation unchanged
2018-11-14 15:58:19.821 |-INFO  [Thread-59] org.springframework.boot.web.servlet.context.AnnotationConfigServletWebServerApplicationContext [993] -| Closing org.springframework.boot.web.servlet.context.AnnotationConfigServletWebServerApplicationContext@1ff05056: startup date [Wed Nov 14 15:57:17 CST 2018]; root of context hierarchy
2018-11-14 15:58:19.822 |-INFO  [Thread-59] org.springframework.jmx.export.annotation.AnnotationMBeanExporter [451] -| Unregistering JMX-exposed beans on shutdown
2018-11-14 15:58:19.823 |-INFO  [Thread-59] org.springframework.jmx.export.annotation.AnnotationMBeanExporter [185] -| Unregistering JMX-exposed beans
2018-11-14 15:58:20.376 |-INFO  [restartedMain] com.lowyer.BootApplication [50] -| Starting BootApplication on PC-20170630OVOP with PID 17328 (D:\gitresource\zjh\zhoujunhao\mylawyer\target\classes started by Administrator in D:\gitresource\zjh\zhoujunhao\mylawyer)
2018-11-14 15:58:20.376 |-INFO  [restartedMain] com.lowyer.BootApplication [666] -| The following profiles are active: dev
2018-11-14 15:58:20.379 |-INFO  [restartedMain] org.springframework.boot.web.servlet.context.AnnotationConfigServletWebServerApplicationContext [590] -| Refreshing org.springframework.boot.web.servlet.context.AnnotationConfigServletWebServerApplicationContext@4b7aec1f: startup date [Wed Nov 14 15:58:20 CST 2018]; root of context hierarchy
2018-11-14 15:58:20.897 |-INFO  [restartedMain] org.springframework.boot.web.embedded.tomcat.TomcatWebServer [91] -| Tomcat initialized with port(s): 8081 (http)
2018-11-14 15:58:20.899 |-INFO  [restartedMain] org.apache.coyote.http11.Http11NioProtocol [180] -| Initializing ProtocolHandler ["http-nio-8081"]
2018-11-14 15:58:20.900 |-INFO  [restartedMain] org.apache.catalina.core.StandardService [180] -| Starting service [Tomcat]
2018-11-14 15:58:20.900 |-INFO  [restartedMain] org.apache.catalina.core.StandardEngine [180] -| Starting Servlet Engine: Apache Tomcat/8.5.32
2018-11-14 15:58:20.934 |-INFO  [localhost-startStop-1] org.apache.catalina.core.ContainerBase.[Tomcat].[localhost].[/] [180] -| Initializing Spring embedded WebApplicationContext
2018-11-14 15:58:20.935 |-INFO  [localhost-startStop-1] org.springframework.web.context.ContextLoader [285] -| Root WebApplicationContext: initialization completed in 557 ms
2018-11-14 15:58:20.951 |-INFO  [localhost-startStop-1] org.springframework.boot.web.servlet.ServletRegistrationBean [187] -| Servlet dispatcherServlet mapped to [/]
2018-11-14 15:58:20.952 |-INFO  [localhost-startStop-1] org.springframework.boot.web.servlet.FilterRegistrationBean [245] -| Mapping filter: 'characterEncodingFilter' to: [/*]
2018-11-14 15:58:20.952 |-INFO  [localhost-startStop-1] org.springframework.boot.web.servlet.FilterRegistrationBean [245] -| Mapping filter: 'hiddenHttpMethodFilter' to: [/*]
2018-11-14 15:58:20.953 |-INFO  [localhost-startStop-1] org.springframework.boot.web.servlet.FilterRegistrationBean [245] -| Mapping filter: 'httpPutFormContentFilter' to: [/*]
2018-11-14 15:58:20.953 |-INFO  [localhost-startStop-1] org.springframework.boot.web.servlet.FilterRegistrationBean [245] -| Mapping filter: 'requestContextFilter' to: [/*]
2018-11-14 15:58:21.058 |-INFO  [restartedMain] org.springframework.web.servlet.handler.SimpleUrlHandlerMapping [373] -| Mapped URL path [/**/favicon.ico] onto handler of type [class org.springframework.web.servlet.resource.ResourceHttpRequestHandler]
2018-11-14 15:58:21.089 |-INFO  [restartedMain] org.springframework.web.servlet.mvc.method.annotation.RequestMappingHandlerAdapter [574] -| Looking for @ControllerAdvice: org.springframework.boot.web.servlet.context.AnnotationConfigServletWebServerApplicationContext@4b7aec1f: startup date [Wed Nov 14 15:58:20 CST 2018]; root of context hierarchy
2018-11-14 15:58:21.094 |-INFO  [restartedMain] org.springframework.web.servlet.mvc.method.annotation.RequestMappingHandlerMapping [547] -| Mapped "{[/]}" onto public java.lang.String com.lowyer.controller.DataController.test()
2018-11-14 15:58:21.095 |-INFO  [restartedMain] org.springframework.web.servlet.mvc.method.annotation.RequestMappingHandlerMapping [547] -| Mapped "{[/rest]}" onto public java.lang.String com.lowyer.controller.DataController.rest(java.lang.String,java.lang.String,java.lang.String)
2018-11-14 15:58:21.096 |-INFO  [restartedMain] org.springframework.web.servlet.mvc.method.annotation.RequestMappingHandlerMapping [547] -| Mapped "{[/error]}" onto public org.springframework.http.ResponseEntity<java.util.Map<java.lang.String, java.lang.Object>> org.springframework.boot.autoconfigure.web.servlet.error.BasicErrorController.error(javax.servlet.http.HttpServletRequest)
2018-11-14 15:58:21.097 |-INFO  [restartedMain] org.springframework.web.servlet.mvc.method.annotation.RequestMappingHandlerMapping [547] -| Mapped "{[/error],produces=[text/html]}" onto public org.springframework.web.servlet.ModelAndView org.springframework.boot.autoconfigure.web.servlet.error.BasicErrorController.errorHtml(javax.servlet.http.HttpServletRequest,javax.servlet.http.HttpServletResponse)
2018-11-14 15:58:21.106 |-INFO  [restartedMain] org.springframework.web.servlet.handler.SimpleUrlHandlerMapping [373] -| Mapped URL path [/webjars/**] onto handler of type [class org.springframework.web.servlet.resource.ResourceHttpRequestHandler]
2018-11-14 15:58:21.107 |-INFO  [restartedMain] org.springframework.web.servlet.handler.SimpleUrlHandlerMapping [373] -| Mapped URL path [/**] onto handler of type [class org.springframework.web.servlet.resource.ResourceHttpRequestHandler]
2018-11-14 15:58:21.127 |-WARN  [restartedMain] org.springframework.boot.autoconfigure.thymeleaf.ThymeleafAutoConfiguration$DefaultTemplateResolverConfiguration [104] -| Cannot find template location: classpath:/templates/ (please add some templates or check your Thymeleaf configuration)
2018-11-14 15:58:21.142 |-INFO  [restartedMain] org.springframework.ui.freemarker.SpringTemplateLoader [62] -| SpringTemplateLoader for FreeMarker: using resource loader [org.springframework.boot.web.servlet.context.AnnotationConfigServletWebServerApplicationContext@4b7aec1f: startup date [Wed Nov 14 15:58:20 CST 2018]; root of context hierarchy] and template loader path [classpath:/templates/]
2018-11-14 15:58:21.143 |-INFO  [restartedMain] org.springframework.web.servlet.view.freemarker.FreeMarkerConfigurer [131] -| ClassTemplateLoader for Spring macros added to FreeMarker configuration
2018-11-14 15:58:21.148 |-WARN  [restartedMain] org.springframework.boot.autoconfigure.freemarker.FreeMarkerAutoConfiguration [70] -| Cannot find template location(s): [classpath:/templates/] (please add some templates, check your FreeMarker configuration, or set spring.freemarker.checkTemplateLocation=false)
2018-11-14 15:58:21.203 |-INFO  [restartedMain] org.springframework.boot.devtools.autoconfigure.OptionalLiveReloadServer [57] -| LiveReload server is running on port 35729
2018-11-14 15:58:21.211 |-INFO  [restartedMain] org.springframework.jmx.export.annotation.AnnotationMBeanExporter [433] -| Registering beans for JMX exposure on startup
2018-11-14 15:58:21.213 |-INFO  [restartedMain] org.springframework.jmx.export.annotation.AnnotationMBeanExporter [895] -| Bean with name 'dataSource' has been autodetected for JMX exposure
2018-11-14 15:58:21.216 |-INFO  [restartedMain] org.springframework.jmx.export.annotation.AnnotationMBeanExporter [668] -| Located MBean 'dataSource': registering with JMX server as MBean [com.alibaba.druid.pool:name=dataSource,type=DruidDataSource]
2018-11-14 15:58:21.222 |-INFO  [restartedMain] org.apache.coyote.http11.Http11NioProtocol [180] -| Starting ProtocolHandler ["http-nio-8081"]
2018-11-14 15:58:21.223 |-INFO  [restartedMain] org.apache.tomcat.util.net.NioSelectorPool [180] -| Using a shared selector for servlet write/read
2018-11-14 15:58:21.229 |-INFO  [restartedMain] org.springframework.boot.web.embedded.tomcat.TomcatWebServer [206] -| Tomcat started on port(s): 8081 (http) with context path ''
2018-11-14 15:58:21.230 |-INFO  [restartedMain] com.lowyer.BootApplication [59] -| Started BootApplication in 0.899 seconds (JVM running for 4708.078)
2018-11-14 15:58:21.231 |-INFO  [restartedMain] org.springframework.boot.devtools.autoconfigure.ConditionEvaluationDeltaLoggingListener [56] -| Condition evaluation unchanged
2018-11-14 15:58:36.130 |-INFO  [http-nio-8081-exec-1] org.apache.catalina.core.ContainerBase.[Tomcat].[localhost].[/] [180] -| Initializing Spring FrameworkServlet 'dispatcherServlet'
2018-11-14 15:58:36.130 |-INFO  [http-nio-8081-exec-1] org.springframework.web.servlet.DispatcherServlet [494] -| FrameworkServlet 'dispatcherServlet': initialization started
2018-11-14 15:58:36.133 |-INFO  [http-nio-8081-exec-1] org.springframework.web.servlet.DispatcherServlet [509] -| FrameworkServlet 'dispatcherServlet': initialization completed in 2 ms
2018-11-14 15:58:36.135 |-INFO  [http-nio-8081-exec-1] com.lowyer.controller.DataController [39] -| ---->method=test.search session=null param={} ent_id=null user_id=null user_name=null locale=null
2018-11-14 15:58:36.188 |-INFO  [http-nio-8081-exec-1] com.alibaba.druid.pool.DruidDataSource [106] -| {dataSource-5} inited
2018-11-14 16:31:16.881 |-INFO  [restartedMain] com.lowyer.BootApplication [50] -| Starting BootApplication on PC-20170630OVOP with PID 12232 (D:\gitresource\zjh\zhoujunhao\mylawyer\target\classes started by Administrator in D:\gitresource\zjh\zhoujunhao\mylawyer)
2018-11-14 16:31:16.884 |-INFO  [restartedMain] com.lowyer.BootApplication [666] -| The following profiles are active: dev
2018-11-14 16:31:16.969 |-INFO  [restartedMain] org.springframework.boot.web.servlet.context.AnnotationConfigServletWebServerApplicationContext [590] -| Refreshing org.springframework.boot.web.servlet.context.AnnotationConfigServletWebServerApplicationContext@687208b9: startup date [Wed Nov 14 16:31:16 CST 2018]; root of context hierarchy
2018-11-14 16:31:20.752 |-INFO  [restartedMain] org.springframework.boot.web.embedded.tomcat.TomcatWebServer [91] -| Tomcat initialized with port(s): 8081 (http)
2018-11-14 16:31:20.777 |-INFO  [restartedMain] org.apache.coyote.http11.Http11NioProtocol [180] -| Initializing ProtocolHandler ["http-nio-8081"]
2018-11-14 16:31:20.798 |-INFO  [restartedMain] org.apache.catalina.core.StandardService [180] -| Starting service [Tomcat]
2018-11-14 16:31:20.799 |-INFO  [restartedMain] org.apache.catalina.core.StandardEngine [180] -| Starting Servlet Engine: Apache Tomcat/8.5.32
2018-11-14 16:31:20.816 |-INFO  [localhost-startStop-1] org.apache.catalina.core.AprLifecycleListener [180] -| The APR based Apache Tomcat Native library which allows optimal performance in production environments was not found on the java.library.path: [C:\Program Files\Java\jdk1.8.0_131\bin;C:\Windows\Sun\Java\bin;C:\Windows\system32;C:\Windows;C:\Program Files\Java\jdk1.8.0_131\jre\bin;C:/Program Files/Java/jre1.8.0_131/bin/server;C:/Program Files/Java/jre1.8.0_131/bin;C:/Program Files/Java/jre1.8.0_131/lib/amd64;C:\ProgramData\Oracle\Java\javapath;C:\Program Files (x86)\Intel\iCLS Client\;C:\Program Files\Intel\iCLS Client\;C:\Windows\system32;C:\Windows;C:\Windows\System32\Wbem;C:\Windows\System32\WindowsPowerShell\v1.0\;C:\Program Files (x86)\Intel\Intel(R) Management Engine Components\DAL;C:\Program Files\Intel\Intel(R) Management Engine Components\DAL;C:\Program Files (x86)\Intel\Intel(R) Management Engine Components\IPT;C:\Program Files\Intel\Intel(R) Management Engine Components\IPT;C:\Program Files\Java\jdk1.8.0_131\bin;C:\Program Files\TortoiseGit\bin;D:\development\apache-maven-3.3.3\bin;C:\Program Files\nodejs\;C:\Users\Administrator\AppData\Local\Microsoft\WindowsApps;C:\Program Files\nodejs\node_global\;;C:\deployTools\Microsoft VS Code\bin;C:\deployTools\eclipse;;.]
2018-11-14 16:31:21.094 |-INFO  [localhost-startStop-1] org.apache.catalina.core.ContainerBase.[Tomcat].[localhost].[/] [180] -| Initializing Spring embedded WebApplicationContext
2018-11-14 16:31:21.095 |-INFO  [localhost-startStop-1] org.springframework.web.context.ContextLoader [285] -| Root WebApplicationContext: initialization completed in 4127 ms
2018-11-14 16:31:21.242 |-INFO  [localhost-startStop-1] org.springframework.boot.web.servlet.ServletRegistrationBean [187] -| Servlet dispatcherServlet mapped to [/]
2018-11-14 16:31:21.249 |-INFO  [localhost-startStop-1] org.springframework.boot.web.servlet.FilterRegistrationBean [245] -| Mapping filter: 'characterEncodingFilter' to: [/*]
2018-11-14 16:31:21.250 |-INFO  [localhost-startStop-1] org.springframework.boot.web.servlet.FilterRegistrationBean [245] -| Mapping filter: 'hiddenHttpMethodFilter' to: [/*]
2018-11-14 16:31:21.251 |-INFO  [localhost-startStop-1] org.springframework.boot.web.servlet.FilterRegistrationBean [245] -| Mapping filter: 'httpPutFormContentFilter' to: [/*]
2018-11-14 16:31:21.251 |-INFO  [localhost-startStop-1] org.springframework.boot.web.servlet.FilterRegistrationBean [245] -| Mapping filter: 'requestContextFilter' to: [/*]
2018-11-14 16:31:22.393 |-INFO  [restartedMain] org.springframework.web.servlet.handler.SimpleUrlHandlerMapping [373] -| Mapped URL path [/**/favicon.ico] onto handler of type [class org.springframework.web.servlet.resource.ResourceHttpRequestHandler]
2018-11-14 16:31:22.515 |-INFO  [restartedMain] org.springframework.web.servlet.mvc.method.annotation.RequestMappingHandlerAdapter [574] -| Looking for @ControllerAdvice: org.springframework.boot.web.servlet.context.AnnotationConfigServletWebServerApplicationContext@687208b9: startup date [Wed Nov 14 16:31:16 CST 2018]; root of context hierarchy
2018-11-14 16:31:22.660 |-INFO  [restartedMain] org.springframework.web.servlet.mvc.method.annotation.RequestMappingHandlerMapping [547] -| Mapped "{[/]}" onto public java.lang.String com.lowyer.controller.DataController.test()
2018-11-14 16:31:22.662 |-INFO  [restartedMain] org.springframework.web.servlet.mvc.method.annotation.RequestMappingHandlerMapping [547] -| Mapped "{[/rest]}" onto public java.lang.String com.lowyer.controller.DataController.rest(java.lang.String,java.lang.String,java.lang.String)
2018-11-14 16:31:22.673 |-INFO  [restartedMain] org.springframework.web.servlet.mvc.method.annotation.RequestMappingHandlerMapping [547] -| Mapped "{[/error]}" onto public org.springframework.http.ResponseEntity<java.util.Map<java.lang.String, java.lang.Object>> org.springframework.boot.autoconfigure.web.servlet.error.BasicErrorController.error(javax.servlet.http.HttpServletRequest)
2018-11-14 16:31:22.687 |-INFO  [restartedMain] org.springframework.web.servlet.mvc.method.annotation.RequestMappingHandlerMapping [547] -| Mapped "{[/error],produces=[text/html]}" onto public org.springframework.web.servlet.ModelAndView org.springframework.boot.autoconfigure.web.servlet.error.BasicErrorController.errorHtml(javax.servlet.http.HttpServletRequest,javax.servlet.http.HttpServletResponse)
2018-11-14 16:31:22.816 |-INFO  [restartedMain] org.springframework.web.servlet.handler.SimpleUrlHandlerMapping [373] -| Mapped URL path [/webjars/**] onto handler of type [class org.springframework.web.servlet.resource.ResourceHttpRequestHandler]
2018-11-14 16:31:22.820 |-INFO  [restartedMain] org.springframework.web.servlet.handler.SimpleUrlHandlerMapping [373] -| Mapped URL path [/**] onto handler of type [class org.springframework.web.servlet.resource.ResourceHttpRequestHandler]
2018-11-14 16:31:23.142 |-WARN  [restartedMain] org.springframework.boot.autoconfigure.thymeleaf.ThymeleafAutoConfiguration$DefaultTemplateResolverConfiguration [104] -| Cannot find template location: classpath:/templates/ (please add some templates or check your Thymeleaf configuration)
2018-11-14 16:31:23.674 |-INFO  [restartedMain] org.springframework.ui.freemarker.SpringTemplateLoader [62] -| SpringTemplateLoader for FreeMarker: using resource loader [org.springframework.boot.web.servlet.context.AnnotationConfigServletWebServerApplicationContext@687208b9: startup date [Wed Nov 14 16:31:16 CST 2018]; root of context hierarchy] and template loader path [classpath:/templates/]
2018-11-14 16:31:23.676 |-INFO  [restartedMain] org.springframework.web.servlet.view.freemarker.FreeMarkerConfigurer [131] -| ClassTemplateLoader for Spring macros added to FreeMarker configuration
2018-11-14 16:31:23.724 |-WARN  [restartedMain] org.springframework.boot.autoconfigure.freemarker.FreeMarkerAutoConfiguration [70] -| Cannot find template location(s): [classpath:/templates/] (please add some templates, check your FreeMarker configuration, or set spring.freemarker.checkTemplateLocation=false)
2018-11-14 16:31:24.425 |-INFO  [restartedMain] org.springframework.boot.devtools.autoconfigure.OptionalLiveReloadServer [57] -| LiveReload server is running on port 35729
2018-11-14 16:31:24.487 |-INFO  [restartedMain] org.springframework.jmx.export.annotation.AnnotationMBeanExporter [433] -| Registering beans for JMX exposure on startup
2018-11-14 16:31:24.502 |-INFO  [restartedMain] org.springframework.jmx.export.annotation.AnnotationMBeanExporter [895] -| Bean with name 'dataSource' has been autodetected for JMX exposure
2018-11-14 16:31:24.518 |-INFO  [restartedMain] org.springframework.jmx.export.annotation.AnnotationMBeanExporter [668] -| Located MBean 'dataSource': registering with JMX server as MBean [com.alibaba.druid.pool:name=dataSource,type=DruidDataSource]
2018-11-14 16:31:24.547 |-INFO  [restartedMain] org.apache.coyote.http11.Http11NioProtocol [180] -| Starting ProtocolHandler ["http-nio-8081"]
2018-11-14 16:31:24.560 |-INFO  [restartedMain] org.apache.tomcat.util.net.NioSelectorPool [180] -| Using a shared selector for servlet write/read
2018-11-14 16:31:24.656 |-INFO  [restartedMain] org.springframework.boot.web.embedded.tomcat.TomcatWebServer [206] -| Tomcat started on port(s): 8081 (http) with context path ''
2018-11-14 16:31:24.666 |-INFO  [restartedMain] com.lowyer.BootApplication [59] -| Started BootApplication in 8.379 seconds (JVM running for 9.705)
2018-11-14 16:34:21.101 |-INFO  [http-nio-8081-exec-7] org.apache.catalina.core.ContainerBase.[Tomcat].[localhost].[/] [180] -| Initializing Spring FrameworkServlet 'dispatcherServlet'
2018-11-14 16:34:21.102 |-INFO  [http-nio-8081-exec-7] org.springframework.web.servlet.DispatcherServlet [494] -| FrameworkServlet 'dispatcherServlet': initialization started
2018-11-14 16:34:21.155 |-INFO  [http-nio-8081-exec-7] org.springframework.web.servlet.DispatcherServlet [509] -| FrameworkServlet 'dispatcherServlet': initialization completed in 53 ms
2018-11-14 16:34:21.250 |-INFO  [http-nio-8081-exec-7] com.lowyer.controller.DataController [39] -| ---->method=test.search session=null param={} ent_id=null user_id=null user_name=null locale=null
2018-11-14 16:34:39.674 |-INFO  [http-nio-8081-exec-7] com.alibaba.druid.pool.DruidDataSource [106] -| {dataSource-1} inited
2018-11-14 16:36:39.697 |-INFO  [http-nio-8081-exec-8] com.lowyer.controller.DataController [39] -| ---->method=test.search session={} param={} ent_id=null user_id=null user_name=null locale=null
2018-11-14 16:37:23.749 |-INFO  [http-nio-8081-exec-6] com.lowyer.controller.DataController [39] -| ---->method=test.search session=null param={} ent_id=null user_id=null user_name=null locale=null
2018-11-14 16:37:47.669 |-INFO  [http-nio-8081-exec-5] com.lowyer.controller.DataController [39] -| ---->method=test.search session={} param={} ent_id=null user_id=null user_name=null locale=null
2018-11-14 16:50:24.424 |-INFO  [http-nio-8081-exec-2] org.apache.coyote.http11.Http11Processor [182] -| Error parsing HTTP request header
 Note: further occurrences of HTTP header parsing errors will be logged at DEBUG level.
java.lang.IllegalArgumentException: Invalid character found in the request target. The valid characters are defined in RFC 7230 and RFC 3986
	at org.apache.coyote.http11.Http11InputBuffer.parseRequestLine(Http11InputBuffer.java:479)
	at org.apache.coyote.http11.Http11Processor.service(Http11Processor.java:684)
	at org.apache.coyote.AbstractProcessorLight.process(AbstractProcessorLight.java:66)
	at org.apache.coyote.AbstractProtocol$ConnectionHandler.process(AbstractProtocol.java:800)
	at org.apache.tomcat.util.net.NioEndpoint$SocketProcessor.doRun(NioEndpoint.java:1471)
	at org.apache.tomcat.util.net.SocketProcessorBase.run(SocketProcessorBase.java:49)
	at java.util.concurrent.ThreadPoolExecutor.runWorker(ThreadPoolExecutor.java:1142)
	at java.util.concurrent.ThreadPoolExecutor$Worker.run(ThreadPoolExecutor.java:617)
	at org.apache.tomcat.util.threads.TaskThread$WrappingRunnable.run(TaskThread.java:61)
	at java.lang.Thread.run(Thread.java:748)
2018-11-14 17:00:09.502 |-INFO  [http-nio-8081-exec-1] com.lowyer.controller.DataController [39] -| ---->method=test.search session={} param={} ent_id=null user_id=null user_name=null locale=null
2018-11-14 17:01:32.099 |-INFO  [http-nio-8081-exec-7] com.lowyer.controller.DataController [39] -| ---->method=test.search session={} param={} ent_id=null user_id=null user_name=null locale=null
2018-11-14 17:02:16.373 |-WARN  [http-nio-8081-exec-10] org.springframework.web.servlet.mvc.support.DefaultHandlerExceptionResolver [424] -| Failed to read HTTP message: org.springframework.http.converter.HttpMessageNotReadableException: Required request body is missing: public java.lang.String com.lowyer.controller.DataController.rest(java.lang.String,java.lang.String,java.lang.String)
2018-11-14 17:02:16.374 |-WARN  [http-nio-8081-exec-10] org.springframework.web.servlet.mvc.support.DefaultHandlerExceptionResolver [192] -| Resolved exception caused by Handler execution: org.springframework.http.converter.HttpMessageNotReadableException: Required request body is missing: public java.lang.String com.lowyer.controller.DataController.rest(java.lang.String,java.lang.String,java.lang.String)
2018-11-14 17:02:45.168 |-INFO  [http-nio-8081-exec-8] com.lowyer.controller.DataController [39] -| ---->method=test.search session={} param={} ent_id=null user_id=null user_name=null locale=null
2018-11-14 17:02:56.403 |-WARN  [http-nio-8081-exec-6] org.springframework.web.servlet.mvc.support.DefaultHandlerExceptionResolver [424] -| Failed to read HTTP message: org.springframework.http.converter.HttpMessageNotReadableException: Required request body is missing: public java.lang.String com.lowyer.controller.DataController.rest(java.lang.String,java.lang.String,java.lang.String)
2018-11-14 17:02:56.403 |-WARN  [http-nio-8081-exec-6] org.springframework.web.servlet.mvc.support.DefaultHandlerExceptionResolver [192] -| Resolved exception caused by Handler execution: org.springframework.http.converter.HttpMessageNotReadableException: Required request body is missing: public java.lang.String com.lowyer.controller.DataController.rest(java.lang.String,java.lang.String,java.lang.String)
2018-11-14 17:03:33.177 |-INFO  [http-nio-8081-exec-5] com.lowyer.controller.DataController [39] -| ---->method=test.search session={} param={} ent_id=null user_id=null user_name=null locale=null
2018-11-14 17:04:16.425 |-WARN  [http-nio-8081-exec-4] org.springframework.web.servlet.mvc.support.DefaultHandlerExceptionResolver [424] -| Failed to read HTTP message: org.springframework.http.converter.HttpMessageNotReadableException: Required request body is missing: public java.lang.String com.lowyer.controller.DataController.rest(java.lang.String,java.lang.String,java.lang.String)
2018-11-14 17:04:16.425 |-WARN  [http-nio-8081-exec-4] org.springframework.web.servlet.mvc.support.DefaultHandlerExceptionResolver [192] -| Resolved exception caused by Handler execution: org.springframework.http.converter.HttpMessageNotReadableException: Required request body is missing: public java.lang.String com.lowyer.controller.DataController.rest(java.lang.String,java.lang.String,java.lang.String)
2018-11-14 17:04:40.766 |-WARN  [http-nio-8081-exec-3] org.springframework.web.servlet.mvc.support.DefaultHandlerExceptionResolver [424] -| Failed to read HTTP message: org.springframework.http.converter.HttpMessageNotReadableException: Required request body is missing: public java.lang.String com.lowyer.controller.DataController.rest(java.lang.String,java.lang.String,java.lang.String)
2018-11-14 17:04:40.767 |-WARN  [http-nio-8081-exec-3] org.springframework.web.servlet.mvc.support.DefaultHandlerExceptionResolver [192] -| Resolved exception caused by Handler execution: org.springframework.http.converter.HttpMessageNotReadableException: Required request body is missing: public java.lang.String com.lowyer.controller.DataController.rest(java.lang.String,java.lang.String,java.lang.String)
2018-11-14 17:16:54.537 |-INFO  [http-nio-8081-exec-2] com.lowyer.controller.DataController [39] -| ---->method=test.search session={} param= ent_id=null user_id=null user_name=null locale=null
2018-11-14 17:17:22.107 |-WARN  [http-nio-8081-exec-1] org.springframework.web.servlet.mvc.support.DefaultHandlerExceptionResolver [424] -| Failed to read HTTP message: org.springframework.http.converter.HttpMessageNotReadableException: Required request body is missing: public java.lang.String com.lowyer.controller.DataController.rest(java.lang.String,java.lang.String,java.lang.String)
2018-11-14 17:17:22.108 |-WARN  [http-nio-8081-exec-1] org.springframework.web.servlet.mvc.support.DefaultHandlerExceptionResolver [192] -| Resolved exception caused by Handler execution: org.springframework.http.converter.HttpMessageNotReadableException: Required request body is missing: public java.lang.String com.lowyer.controller.DataController.rest(java.lang.String,java.lang.String,java.lang.String)
2018-11-14 17:17:58.044 |-WARN  [http-nio-8081-exec-9] org.springframework.web.servlet.mvc.support.DefaultHandlerExceptionResolver [424] -| Failed to read HTTP message: org.springframework.http.converter.HttpMessageNotReadableException: Required request body is missing: public java.lang.String com.lowyer.controller.DataController.rest(java.lang.String,java.lang.String,java.lang.String)
2018-11-14 17:17:58.044 |-WARN  [http-nio-8081-exec-9] org.springframework.web.servlet.mvc.support.DefaultHandlerExceptionResolver [192] -| Resolved exception caused by Handler execution: org.springframework.http.converter.HttpMessageNotReadableException: Required request body is missing: public java.lang.String com.lowyer.controller.DataController.rest(java.lang.String,java.lang.String,java.lang.String)
2018-11-14 17:19:54.804 |-WARN  [http-nio-8081-exec-7] org.springframework.web.servlet.mvc.support.DefaultHandlerExceptionResolver [424] -| Failed to read HTTP message: org.springframework.http.converter.HttpMessageNotReadableException: Required request body is missing: public java.lang.String com.lowyer.controller.DataController.rest(java.lang.String,java.lang.String,java.lang.String)
2018-11-14 17:19:54.805 |-WARN  [http-nio-8081-exec-7] org.springframework.web.servlet.mvc.support.DefaultHandlerExceptionResolver [192] -| Resolved exception caused by Handler execution: org.springframework.http.converter.HttpMessageNotReadableException: Required request body is missing: public java.lang.String com.lowyer.controller.DataController.rest(java.lang.String,java.lang.String,java.lang.String)
2018-11-14 17:20:22.699 |-INFO  [http-nio-8081-exec-10] com.lowyer.controller.DataController [39] -| ---->method=test.search session=null param=method=test.search&a=1 ent_id=null user_id=null user_name=null locale=null
2018-11-14 17:20:49.203 |-INFO  [http-nio-8081-exec-8] com.lowyer.controller.DataController [39] -| ---->method=test.search session=null param=method=test.search&a=1 ent_id=null user_id=null user_name=null locale=null
2018-11-14 17:36:15.283 |-INFO  [http-nio-8081-exec-6] com.lowyer.controller.DataController [39] -| ---->method=test.search session=null param=method=test.search&%5Bobject+Object%5D= ent_id=null user_id=null user_name=null locale=null
2018-11-14 17:41:34.564 |-INFO  [http-nio-8081-exec-5] com.lowyer.controller.DataController [39] -| ---->method=test.search session=null param=method=test.search&%5Bobject+Object%5D= ent_id=null user_id=null user_name=null locale=null
2018-11-14 17:42:03.562 |-INFO  [http-nio-8081-exec-4] com.lowyer.controller.DataController [39] -| ---->method=test.search session=null param=method=test.search&%5Bobject+Object%5D= ent_id=null user_id=null user_name=null locale=null
2018-11-14 20:19:00.710 |-INFO  [restartedMain] com.lowyer.BootApplication [50] -| Starting BootApplication on PC-20170630OVOP with PID 12500 (D:\gitresource\zjh\zhoujunhao\mylawyer\target\classes started by Administrator in D:\gitresource\zjh\zhoujunhao\mylawyer)
2018-11-14 20:19:00.733 |-INFO  [restartedMain] com.lowyer.BootApplication [666] -| The following profiles are active: dev
2018-11-14 20:19:00.837 |-INFO  [restartedMain] org.springframework.boot.web.servlet.context.AnnotationConfigServletWebServerApplicationContext [590] -| Refreshing org.springframework.boot.web.servlet.context.AnnotationConfigServletWebServerApplicationContext@64a420f3: startup date [Wed Nov 14 20:19:00 CST 2018]; root of context hierarchy
2018-11-14 20:19:04.501 |-INFO  [restartedMain] org.springframework.boot.web.embedded.tomcat.TomcatWebServer [91] -| Tomcat initialized with port(s): 8081 (http)
2018-11-14 20:19:04.524 |-INFO  [restartedMain] org.apache.coyote.http11.Http11NioProtocol [180] -| Initializing ProtocolHandler ["http-nio-8081"]
2018-11-14 20:19:04.543 |-INFO  [restartedMain] org.apache.catalina.core.StandardService [180] -| Starting service [Tomcat]
2018-11-14 20:19:04.543 |-INFO  [restartedMain] org.apache.catalina.core.StandardEngine [180] -| Starting Servlet Engine: Apache Tomcat/8.5.32
2018-11-14 20:19:04.558 |-INFO  [localhost-startStop-1] org.apache.catalina.core.AprLifecycleListener [180] -| The APR based Apache Tomcat Native library which allows optimal performance in production environments was not found on the java.library.path: [C:\Program Files\Java\jdk1.8.0_131\bin;C:\Windows\Sun\Java\bin;C:\Windows\system32;C:\Windows;C:/Program Files/Java/jre1.8.0_131/bin/server;C:/Program Files/Java/jre1.8.0_131/bin;C:/Program Files/Java/jre1.8.0_131/lib/amd64;C:\ProgramData\Oracle\Java\javapath;C:\Program Files (x86)\Intel\iCLS Client\;C:\Program Files\Intel\iCLS Client\;C:\Windows\system32;C:\Windows;C:\Windows\System32\Wbem;C:\Windows\System32\WindowsPowerShell\v1.0\;C:\Program Files (x86)\Intel\Intel(R) Management Engine Components\DAL;C:\Program Files\Intel\Intel(R) Management Engine Components\DAL;C:\Program Files (x86)\Intel\Intel(R) Management Engine Components\IPT;C:\Program Files\Intel\Intel(R) Management Engine Components\IPT;C:\Program Files\Java\jdk1.8.0_131\bin;C:\Program Files\TortoiseGit\bin;D:\development\apache-maven-3.3.3\bin;C:\Program Files\nodejs\;C:\Users\Administrator\AppData\Local\Microsoft\WindowsApps;C:\Program Files\nodejs\node_global\;;C:\deployTools\Microsoft VS Code\bin;C:\deployTools\eclipse;;.]
2018-11-14 20:19:04.740 |-INFO  [localhost-startStop-1] org.apache.catalina.core.ContainerBase.[Tomcat].[localhost].[/] [180] -| Initializing Spring embedded WebApplicationContext
2018-11-14 20:19:04.740 |-INFO  [localhost-startStop-1] org.springframework.web.context.ContextLoader [285] -| Root WebApplicationContext: initialization completed in 3903 ms
2018-11-14 20:19:04.838 |-INFO  [localhost-startStop-1] org.springframework.boot.web.servlet.ServletRegistrationBean [187] -| Servlet dispatcherServlet mapped to [/]
2018-11-14 20:19:04.845 |-INFO  [localhost-startStop-1] org.springframework.boot.web.servlet.FilterRegistrationBean [245] -| Mapping filter: 'characterEncodingFilter' to: [/*]
2018-11-14 20:19:04.846 |-INFO  [localhost-startStop-1] org.springframework.boot.web.servlet.FilterRegistrationBean [245] -| Mapping filter: 'hiddenHttpMethodFilter' to: [/*]
2018-11-14 20:19:04.847 |-INFO  [localhost-startStop-1] org.springframework.boot.web.servlet.FilterRegistrationBean [245] -| Mapping filter: 'httpPutFormContentFilter' to: [/*]
2018-11-14 20:19:04.847 |-INFO  [localhost-startStop-1] org.springframework.boot.web.servlet.FilterRegistrationBean [245] -| Mapping filter: 'requestContextFilter' to: [/*]
2018-11-14 20:19:06.192 |-INFO  [restartedMain] org.springframework.web.servlet.handler.SimpleUrlHandlerMapping [373] -| Mapped URL path [/**/favicon.ico] onto handler of type [class org.springframework.web.servlet.resource.ResourceHttpRequestHandler]
2018-11-14 20:19:06.305 |-INFO  [restartedMain] org.springframework.web.servlet.mvc.method.annotation.RequestMappingHandlerAdapter [574] -| Looking for @ControllerAdvice: org.springframework.boot.web.servlet.context.AnnotationConfigServletWebServerApplicationContext@64a420f3: startup date [Wed Nov 14 20:19:00 CST 2018]; root of context hierarchy
2018-11-14 20:19:06.441 |-INFO  [restartedMain] org.springframework.web.servlet.mvc.method.annotation.RequestMappingHandlerMapping [547] -| Mapped "{[/]}" onto public java.lang.String com.lowyer.controller.DataController.test()
2018-11-14 20:19:06.443 |-INFO  [restartedMain] org.springframework.web.servlet.mvc.method.annotation.RequestMappingHandlerMapping [547] -| Mapped "{[/rest]}" onto public java.lang.String com.lowyer.controller.DataController.rest(java.lang.String,java.lang.String,java.lang.String)
2018-11-14 20:19:06.447 |-INFO  [restartedMain] org.springframework.web.servlet.mvc.method.annotation.RequestMappingHandlerMapping [547] -| Mapped "{[/error]}" onto public org.springframework.http.ResponseEntity<java.util.Map<java.lang.String, java.lang.Object>> org.springframework.boot.autoconfigure.web.servlet.error.BasicErrorController.error(javax.servlet.http.HttpServletRequest)
2018-11-14 20:19:06.449 |-INFO  [restartedMain] org.springframework.web.servlet.mvc.method.annotation.RequestMappingHandlerMapping [547] -| Mapped "{[/error],produces=[text/html]}" onto public org.springframework.web.servlet.ModelAndView org.springframework.boot.autoconfigure.web.servlet.error.BasicErrorController.errorHtml(javax.servlet.http.HttpServletRequest,javax.servlet.http.HttpServletResponse)
2018-11-14 20:19:06.491 |-INFO  [restartedMain] org.springframework.web.servlet.handler.SimpleUrlHandlerMapping [373] -| Mapped URL path [/webjars/**] onto handler of type [class org.springframework.web.servlet.resource.ResourceHttpRequestHandler]
2018-11-14 20:19:06.492 |-INFO  [restartedMain] org.springframework.web.servlet.handler.SimpleUrlHandlerMapping [373] -| Mapped URL path [/**] onto handler of type [class org.springframework.web.servlet.resource.ResourceHttpRequestHandler]
2018-11-14 20:19:06.650 |-WARN  [restartedMain] org.springframework.boot.autoconfigure.thymeleaf.ThymeleafAutoConfiguration$DefaultTemplateResolverConfiguration [104] -| Cannot find template location: classpath:/templates/ (please add some templates or check your Thymeleaf configuration)
2018-11-14 20:19:06.980 |-INFO  [restartedMain] org.springframework.ui.freemarker.SpringTemplateLoader [62] -| SpringTemplateLoader for FreeMarker: using resource loader [org.springframework.boot.web.servlet.context.AnnotationConfigServletWebServerApplicationContext@64a420f3: startup date [Wed Nov 14 20:19:00 CST 2018]; root of context hierarchy] and template loader path [classpath:/templates/]
2018-11-14 20:19:06.981 |-INFO  [restartedMain] org.springframework.web.servlet.view.freemarker.FreeMarkerConfigurer [131] -| ClassTemplateLoader for Spring macros added to FreeMarker configuration
2018-11-14 20:19:07.041 |-WARN  [restartedMain] org.springframework.boot.autoconfigure.freemarker.FreeMarkerAutoConfiguration [70] -| Cannot find template location(s): [classpath:/templates/] (please add some templates, check your FreeMarker configuration, or set spring.freemarker.checkTemplateLocation=false)
2018-11-14 20:19:07.578 |-INFO  [restartedMain] org.springframework.boot.devtools.autoconfigure.OptionalLiveReloadServer [57] -| LiveReload server is running on port 35729
2018-11-14 20:19:07.679 |-INFO  [restartedMain] org.springframework.jmx.export.annotation.AnnotationMBeanExporter [433] -| Registering beans for JMX exposure on startup
2018-11-14 20:19:07.681 |-INFO  [restartedMain] org.springframework.jmx.export.annotation.AnnotationMBeanExporter [895] -| Bean with name 'dataSource' has been autodetected for JMX exposure
2018-11-14 20:19:07.689 |-INFO  [restartedMain] org.springframework.jmx.export.annotation.AnnotationMBeanExporter [668] -| Located MBean 'dataSource': registering with JMX server as MBean [com.alibaba.druid.pool:name=dataSource,type=DruidDataSource]
2018-11-14 20:19:07.717 |-INFO  [restartedMain] org.apache.coyote.http11.Http11NioProtocol [180] -| Starting ProtocolHandler ["http-nio-8081"]
2018-11-14 20:19:07.761 |-INFO  [restartedMain] org.apache.tomcat.util.net.NioSelectorPool [180] -| Using a shared selector for servlet write/read
2018-11-14 20:19:07.792 |-INFO  [restartedMain] org.springframework.boot.web.embedded.tomcat.TomcatWebServer [206] -| Tomcat started on port(s): 8081 (http) with context path ''
2018-11-14 20:19:07.799 |-INFO  [restartedMain] com.lowyer.BootApplication [59] -| Started BootApplication in 7.932 seconds (JVM running for 9.031)
2018-11-14 20:19:44.001 |-INFO  [http-nio-8081-exec-1] org.apache.catalina.core.ContainerBase.[Tomcat].[localhost].[/] [180] -| Initializing Spring FrameworkServlet 'dispatcherServlet'
2018-11-14 20:19:44.001 |-INFO  [http-nio-8081-exec-1] org.springframework.web.servlet.DispatcherServlet [494] -| FrameworkServlet 'dispatcherServlet': initialization started
2018-11-14 20:19:44.035 |-INFO  [http-nio-8081-exec-1] org.springframework.web.servlet.DispatcherServlet [509] -| FrameworkServlet 'dispatcherServlet': initialization completed in 33 ms
2018-11-14 20:19:44.187 |-INFO  [http-nio-8081-exec-1] com.lowyer.controller.DataController [39] -| ---->method=test.search session={} param={} ent_id=null user_id=null user_name=null locale=null
2018-11-14 20:19:48.625 |-INFO  [http-nio-8081-exec-1] com.alibaba.druid.pool.DruidDataSource [106] -| {dataSource-1} inited
2018-11-14 20:22:39.679 |-INFO  [http-nio-8081-exec-3] com.lowyer.controller.DataController [39] -| ---->method=test.search session=null param=method=test.search&%5Bobject+Object%5D= ent_id=null user_id=null user_name=null locale=null
2018-11-14 20:52:55.394 |-INFO  [Thread-7] org.springframework.boot.web.servlet.context.AnnotationConfigServletWebServerApplicationContext [993] -| Closing org.springframework.boot.web.servlet.context.AnnotationConfigServletWebServerApplicationContext@64a420f3: startup date [Wed Nov 14 20:19:00 CST 2018]; root of context hierarchy
2018-11-14 20:52:55.410 |-INFO  [Thread-7] org.springframework.jmx.export.annotation.AnnotationMBeanExporter [451] -| Unregistering JMX-exposed beans on shutdown
2018-11-14 20:52:55.412 |-INFO  [Thread-7] org.springframework.jmx.export.annotation.AnnotationMBeanExporter [185] -| Unregistering JMX-exposed beans
2018-11-14 20:52:55.428 |-INFO  [Thread-7] com.alibaba.druid.pool.DruidDataSource [106] -| {dataSource-1} closed
2018-11-14 20:52:56.368 |-INFO  [restartedMain] com.lowyer.BootApplication [50] -| Starting BootApplication on PC-20170630OVOP with PID 12500 (D:\gitresource\zjh\zhoujunhao\mylawyer\target\classes started by Administrator in D:\gitresource\zjh\zhoujunhao\mylawyer)
2018-11-14 20:52:56.368 |-INFO  [restartedMain] com.lowyer.BootApplication [666] -| The following profiles are active: dev
2018-11-14 20:52:56.372 |-INFO  [restartedMain] org.springframework.boot.web.servlet.context.AnnotationConfigServletWebServerApplicationContext [590] -| Refreshing org.springframework.boot.web.servlet.context.AnnotationConfigServletWebServerApplicationContext@662fe30e: startup date [Wed Nov 14 20:52:56 CST 2018]; root of context hierarchy
2018-11-14 20:52:57.343 |-INFO  [restartedMain] org.springframework.boot.web.embedded.tomcat.TomcatWebServer [91] -| Tomcat initialized with port(s): 8081 (http)
2018-11-14 20:52:57.345 |-INFO  [restartedMain] org.apache.coyote.http11.Http11NioProtocol [180] -| Initializing ProtocolHandler ["http-nio-8081"]
2018-11-14 20:52:57.346 |-INFO  [restartedMain] org.apache.catalina.core.StandardService [180] -| Starting service [Tomcat]
2018-11-14 20:52:57.346 |-INFO  [restartedMain] org.apache.catalina.core.StandardEngine [180] -| Starting Servlet Engine: Apache Tomcat/8.5.32
2018-11-14 20:52:57.404 |-INFO  [localhost-startStop-1] org.apache.catalina.core.ContainerBase.[Tomcat].[localhost].[/] [180] -| Initializing Spring embedded WebApplicationContext
2018-11-14 20:52:57.405 |-INFO  [localhost-startStop-1] org.springframework.web.context.ContextLoader [285] -| Root WebApplicationContext: initialization completed in 1033 ms
2018-11-14 20:52:57.428 |-INFO  [localhost-startStop-1] org.springframework.boot.web.servlet.ServletRegistrationBean [187] -| Servlet dispatcherServlet mapped to [/]
2018-11-14 20:52:57.429 |-INFO  [localhost-startStop-1] org.springframework.boot.web.servlet.FilterRegistrationBean [245] -| Mapping filter: 'characterEncodingFilter' to: [/*]
2018-11-14 20:52:57.430 |-INFO  [localhost-startStop-1] org.springframework.boot.web.servlet.FilterRegistrationBean [245] -| Mapping filter: 'hiddenHttpMethodFilter' to: [/*]
2018-11-14 20:52:57.431 |-INFO  [localhost-startStop-1] org.springframework.boot.web.servlet.FilterRegistrationBean [245] -| Mapping filter: 'httpPutFormContentFilter' to: [/*]
2018-11-14 20:52:57.432 |-INFO  [localhost-startStop-1] org.springframework.boot.web.servlet.FilterRegistrationBean [245] -| Mapping filter: 'requestContextFilter' to: [/*]
2018-11-14 20:52:57.616 |-INFO  [restartedMain] org.springframework.web.servlet.handler.SimpleUrlHandlerMapping [373] -| Mapped URL path [/**/favicon.ico] onto handler of type [class org.springframework.web.servlet.resource.ResourceHttpRequestHandler]
2018-11-14 20:52:57.643 |-INFO  [restartedMain] org.springframework.web.servlet.mvc.method.annotation.RequestMappingHandlerAdapter [574] -| Looking for @ControllerAdvice: org.springframework.boot.web.servlet.context.AnnotationConfigServletWebServerApplicationContext@662fe30e: startup date [Wed Nov 14 20:52:56 CST 2018]; root of context hierarchy
2018-11-14 20:52:57.654 |-INFO  [restartedMain] org.springframework.web.servlet.mvc.method.annotation.RequestMappingHandlerMapping [547] -| Mapped "{[/]}" onto public java.lang.String com.lowyer.controller.DataController.test()
2018-11-14 20:52:57.654 |-INFO  [restartedMain] org.springframework.web.servlet.mvc.method.annotation.RequestMappingHandlerMapping [547] -| Mapped "{[/rest]}" onto public java.lang.String com.lowyer.controller.DataController.rest(java.lang.String,java.lang.String,java.lang.String)
2018-11-14 20:52:57.657 |-INFO  [restartedMain] org.springframework.web.servlet.mvc.method.annotation.RequestMappingHandlerMapping [547] -| Mapped "{[/error]}" onto public org.springframework.http.ResponseEntity<java.util.Map<java.lang.String, java.lang.Object>> org.springframework.boot.autoconfigure.web.servlet.error.BasicErrorController.error(javax.servlet.http.HttpServletRequest)
2018-11-14 20:52:57.658 |-INFO  [restartedMain] org.springframework.web.servlet.mvc.method.annotation.RequestMappingHandlerMapping [547] -| Mapped "{[/error],produces=[text/html]}" onto public org.springframework.web.servlet.ModelAndView org.springframework.boot.autoconfigure.web.servlet.error.BasicErrorController.errorHtml(javax.servlet.http.HttpServletRequest,javax.servlet.http.HttpServletResponse)
2018-11-14 20:52:57.671 |-INFO  [restartedMain] org.springframework.web.servlet.handler.SimpleUrlHandlerMapping [373] -| Mapped URL path [/webjars/**] onto handler of type [class org.springframework.web.servlet.resource.ResourceHttpRequestHandler]
2018-11-14 20:52:57.672 |-INFO  [restartedMain] org.springframework.web.servlet.handler.SimpleUrlHandlerMapping [373] -| Mapped URL path [/**] onto handler of type [class org.springframework.web.servlet.resource.ResourceHttpRequestHandler]
2018-11-14 20:52:57.704 |-WARN  [restartedMain] org.springframework.boot.autoconfigure.thymeleaf.ThymeleafAutoConfiguration$DefaultTemplateResolverConfiguration [104] -| Cannot find template location: classpath:/templates/ (please add some templates or check your Thymeleaf configuration)
2018-11-14 20:52:57.744 |-INFO  [restartedMain] org.springframework.ui.freemarker.SpringTemplateLoader [62] -| SpringTemplateLoader for FreeMarker: using resource loader [org.springframework.boot.web.servlet.context.AnnotationConfigServletWebServerApplicationContext@662fe30e: startup date [Wed Nov 14 20:52:56 CST 2018]; root of context hierarchy] and template loader path [classpath:/templates/]
2018-11-14 20:52:57.744 |-INFO  [restartedMain] org.springframework.web.servlet.view.freemarker.FreeMarkerConfigurer [131] -| ClassTemplateLoader for Spring macros added to FreeMarker configuration
2018-11-14 20:52:57.754 |-WARN  [restartedMain] org.springframework.boot.autoconfigure.freemarker.FreeMarkerAutoConfiguration [70] -| Cannot find template location(s): [classpath:/templates/] (please add some templates, check your FreeMarker configuration, or set spring.freemarker.checkTemplateLocation=false)
2018-11-14 20:52:57.866 |-INFO  [restartedMain] org.springframework.boot.devtools.autoconfigure.OptionalLiveReloadServer [57] -| LiveReload server is running on port 35729
2018-11-14 20:52:57.943 |-INFO  [restartedMain] org.springframework.jmx.export.annotation.AnnotationMBeanExporter [433] -| Registering beans for JMX exposure on startup
2018-11-14 20:52:57.944 |-INFO  [restartedMain] org.springframework.jmx.export.annotation.AnnotationMBeanExporter [895] -| Bean with name 'dataSource' has been autodetected for JMX exposure
2018-11-14 20:52:57.951 |-INFO  [restartedMain] org.springframework.jmx.export.annotation.AnnotationMBeanExporter [668] -| Located MBean 'dataSource': registering with JMX server as MBean [com.alibaba.druid.pool:name=dataSource,type=DruidDataSource]
2018-11-14 20:52:57.972 |-INFO  [restartedMain] org.apache.coyote.http11.Http11NioProtocol [180] -| Starting ProtocolHandler ["http-nio-8081"]
2018-11-14 20:52:57.974 |-INFO  [restartedMain] org.apache.tomcat.util.net.NioSelectorPool [180] -| Using a shared selector for servlet write/read
2018-11-14 20:52:57.983 |-INFO  [restartedMain] org.springframework.boot.web.embedded.tomcat.TomcatWebServer [206] -| Tomcat started on port(s): 8081 (http) with context path ''
2018-11-14 20:52:57.984 |-INFO  [restartedMain] com.lowyer.BootApplication [59] -| Started BootApplication in 1.676 seconds (JVM running for 2039.217)
2018-11-14 20:52:57.990 |-INFO  [restartedMain] org.springframework.boot.devtools.autoconfigure.ConditionEvaluationDeltaLoggingListener [56] -| Condition evaluation unchanged
2018-11-14 20:53:58.647 |-INFO  [Thread-11] org.springframework.boot.web.servlet.context.AnnotationConfigServletWebServerApplicationContext [993] -| Closing org.springframework.boot.web.servlet.context.AnnotationConfigServletWebServerApplicationContext@662fe30e: startup date [Wed Nov 14 20:52:56 CST 2018]; root of context hierarchy
2018-11-14 20:53:58.657 |-INFO  [Thread-11] org.springframework.jmx.export.annotation.AnnotationMBeanExporter [451] -| Unregistering JMX-exposed beans on shutdown
2018-11-14 20:53:58.664 |-INFO  [Thread-11] org.springframework.jmx.export.annotation.AnnotationMBeanExporter [185] -| Unregistering JMX-exposed beans
2018-11-14 20:53:59.399 |-INFO  [restartedMain] com.lowyer.BootApplication [50] -| Starting BootApplication on PC-20170630OVOP with PID 12500 (D:\gitresource\zjh\zhoujunhao\mylawyer\target\classes started by Administrator in D:\gitresource\zjh\zhoujunhao\mylawyer)
2018-11-14 20:53:59.400 |-INFO  [restartedMain] com.lowyer.BootApplication [666] -| The following profiles are active: dev
2018-11-14 20:53:59.403 |-INFO  [restartedMain] org.springframework.boot.web.servlet.context.AnnotationConfigServletWebServerApplicationContext [590] -| Refreshing org.springframework.boot.web.servlet.context.AnnotationConfigServletWebServerApplicationContext@187e10dc: startup date [Wed Nov 14 20:53:59 CST 2018]; root of context hierarchy
2018-11-14 20:53:59.917 |-INFO  [restartedMain] org.springframework.boot.web.embedded.tomcat.TomcatWebServer [91] -| Tomcat initialized with port(s): 8081 (http)
2018-11-14 20:53:59.918 |-INFO  [restartedMain] org.apache.coyote.http11.Http11NioProtocol [180] -| Initializing ProtocolHandler ["http-nio-8081"]
2018-11-14 20:53:59.919 |-INFO  [restartedMain] org.apache.catalina.core.StandardService [180] -| Starting service [Tomcat]
2018-11-14 20:53:59.919 |-INFO  [restartedMain] org.apache.catalina.core.StandardEngine [180] -| Starting Servlet Engine: Apache Tomcat/8.5.32
2018-11-14 20:53:59.950 |-INFO  [localhost-startStop-1] org.apache.catalina.core.ContainerBase.[Tomcat].[localhost].[/] [180] -| Initializing Spring embedded WebApplicationContext
2018-11-14 20:53:59.953 |-INFO  [localhost-startStop-1] org.springframework.web.context.ContextLoader [285] -| Root WebApplicationContext: initialization completed in 550 ms
2018-11-14 20:53:59.967 |-INFO  [localhost-startStop-1] org.springframework.boot.web.servlet.ServletRegistrationBean [187] -| Servlet dispatcherServlet mapped to [/]
2018-11-14 20:53:59.968 |-INFO  [localhost-startStop-1] org.springframework.boot.web.servlet.FilterRegistrationBean [245] -| Mapping filter: 'characterEncodingFilter' to: [/*]
2018-11-14 20:53:59.969 |-INFO  [localhost-startStop-1] org.springframework.boot.web.servlet.FilterRegistrationBean [245] -| Mapping filter: 'hiddenHttpMethodFilter' to: [/*]
2018-11-14 20:53:59.969 |-INFO  [localhost-startStop-1] org.springframework.boot.web.servlet.FilterRegistrationBean [245] -| Mapping filter: 'httpPutFormContentFilter' to: [/*]
2018-11-14 20:53:59.970 |-INFO  [localhost-startStop-1] org.springframework.boot.web.servlet.FilterRegistrationBean [245] -| Mapping filter: 'requestContextFilter' to: [/*]
2018-11-14 20:54:00.105 |-INFO  [restartedMain] org.springframework.web.servlet.handler.SimpleUrlHandlerMapping [373] -| Mapped URL path [/**/favicon.ico] onto handler of type [class org.springframework.web.servlet.resource.ResourceHttpRequestHandler]
2018-11-14 20:54:00.126 |-INFO  [restartedMain] org.springframework.web.servlet.mvc.method.annotation.RequestMappingHandlerAdapter [574] -| Looking for @ControllerAdvice: org.springframework.boot.web.servlet.context.AnnotationConfigServletWebServerApplicationContext@187e10dc: startup date [Wed Nov 14 20:53:59 CST 2018]; root of context hierarchy
2018-11-14 20:54:00.135 |-INFO  [restartedMain] org.springframework.web.servlet.mvc.method.annotation.RequestMappingHandlerMapping [547] -| Mapped "{[/]}" onto public java.lang.String com.lowyer.controller.DataController.test()
2018-11-14 20:54:00.135 |-INFO  [restartedMain] org.springframework.web.servlet.mvc.method.annotation.RequestMappingHandlerMapping [547] -| Mapped "{[/rest]}" onto public java.lang.String com.lowyer.controller.DataController.rest(java.lang.String,java.lang.String,java.lang.String)
2018-11-14 20:54:00.137 |-INFO  [restartedMain] org.springframework.web.servlet.mvc.method.annotation.RequestMappingHandlerMapping [547] -| Mapped "{[/error]}" onto public org.springframework.http.ResponseEntity<java.util.Map<java.lang.String, java.lang.Object>> org.springframework.boot.autoconfigure.web.servlet.error.BasicErrorController.error(javax.servlet.http.HttpServletRequest)
2018-11-14 20:54:00.138 |-INFO  [restartedMain] org.springframework.web.servlet.mvc.method.annotation.RequestMappingHandlerMapping [547] -| Mapped "{[/error],produces=[text/html]}" onto public org.springframework.web.servlet.ModelAndView org.springframework.boot.autoconfigure.web.servlet.error.BasicErrorController.errorHtml(javax.servlet.http.HttpServletRequest,javax.servlet.http.HttpServletResponse)
2018-11-14 20:54:00.147 |-INFO  [restartedMain] org.springframework.web.servlet.handler.SimpleUrlHandlerMapping [373] -| Mapped URL path [/webjars/**] onto handler of type [class org.springframework.web.servlet.resource.ResourceHttpRequestHandler]
2018-11-14 20:54:00.147 |-INFO  [restartedMain] org.springframework.web.servlet.handler.SimpleUrlHandlerMapping [373] -| Mapped URL path [/**] onto handler of type [class org.springframework.web.servlet.resource.ResourceHttpRequestHandler]
2018-11-14 20:54:00.172 |-WARN  [restartedMain] org.springframework.boot.autoconfigure.thymeleaf.ThymeleafAutoConfiguration$DefaultTemplateResolverConfiguration [104] -| Cannot find template location: classpath:/templates/ (please add some templates or check your Thymeleaf configuration)
2018-11-14 20:54:00.198 |-INFO  [restartedMain] org.springframework.ui.freemarker.SpringTemplateLoader [62] -| SpringTemplateLoader for FreeMarker: using resource loader [org.springframework.boot.web.servlet.context.AnnotationConfigServletWebServerApplicationContext@187e10dc: startup date [Wed Nov 14 20:53:59 CST 2018]; root of context hierarchy] and template loader path [classpath:/templates/]
2018-11-14 20:54:00.198 |-INFO  [restartedMain] org.springframework.web.servlet.view.freemarker.FreeMarkerConfigurer [131] -| ClassTemplateLoader for Spring macros added to FreeMarker configuration
2018-11-14 20:54:00.203 |-WARN  [restartedMain] org.springframework.boot.autoconfigure.freemarker.FreeMarkerAutoConfiguration [70] -| Cannot find template location(s): [classpath:/templates/] (please add some templates, check your FreeMarker configuration, or set spring.freemarker.checkTemplateLocation=false)
2018-11-14 20:54:00.260 |-INFO  [restartedMain] org.springframework.boot.devtools.autoconfigure.OptionalLiveReloadServer [57] -| LiveReload server is running on port 35729
2018-11-14 20:54:00.285 |-INFO  [restartedMain] org.springframework.jmx.export.annotation.AnnotationMBeanExporter [433] -| Registering beans for JMX exposure on startup
2018-11-14 20:54:00.286 |-INFO  [restartedMain] org.springframework.jmx.export.annotation.AnnotationMBeanExporter [895] -| Bean with name 'dataSource' has been autodetected for JMX exposure
2018-11-14 20:54:00.288 |-INFO  [restartedMain] org.springframework.jmx.export.annotation.AnnotationMBeanExporter [668] -| Located MBean 'dataSource': registering with JMX server as MBean [com.alibaba.druid.pool:name=dataSource,type=DruidDataSource]
2018-11-14 20:54:00.295 |-INFO  [restartedMain] org.apache.coyote.http11.Http11NioProtocol [180] -| Starting ProtocolHandler ["http-nio-8081"]
2018-11-14 20:54:00.297 |-INFO  [restartedMain] org.apache.tomcat.util.net.NioSelectorPool [180] -| Using a shared selector for servlet write/read
2018-11-14 20:54:00.302 |-INFO  [restartedMain] org.springframework.boot.web.embedded.tomcat.TomcatWebServer [206] -| Tomcat started on port(s): 8081 (http) with context path ''
2018-11-14 20:54:00.304 |-INFO  [restartedMain] com.lowyer.BootApplication [59] -| Started BootApplication in 0.957 seconds (JVM running for 2101.536)
2018-11-14 20:54:00.307 |-INFO  [restartedMain] org.springframework.boot.devtools.autoconfigure.ConditionEvaluationDeltaLoggingListener [56] -| Condition evaluation unchanged
2018-11-14 20:54:56.452 |-INFO  [Thread-18] org.springframework.boot.web.servlet.context.AnnotationConfigServletWebServerApplicationContext [993] -| Closing org.springframework.boot.web.servlet.context.AnnotationConfigServletWebServerApplicationContext@187e10dc: startup date [Wed Nov 14 20:53:59 CST 2018]; root of context hierarchy
2018-11-14 20:54:56.465 |-INFO  [Thread-18] org.springframework.jmx.export.annotation.AnnotationMBeanExporter [451] -| Unregistering JMX-exposed beans on shutdown
2018-11-14 20:54:56.467 |-INFO  [Thread-18] org.springframework.jmx.export.annotation.AnnotationMBeanExporter [185] -| Unregistering JMX-exposed beans
2018-11-14 20:54:57.128 |-INFO  [restartedMain] com.lowyer.BootApplication [50] -| Starting BootApplication on PC-20170630OVOP with PID 12500 (D:\gitresource\zjh\zhoujunhao\mylawyer\target\classes started by Administrator in D:\gitresource\zjh\zhoujunhao\mylawyer)
2018-11-14 20:54:57.129 |-INFO  [restartedMain] com.lowyer.BootApplication [666] -| The following profiles are active: dev
2018-11-14 20:54:57.132 |-INFO  [restartedMain] org.springframework.boot.web.servlet.context.AnnotationConfigServletWebServerApplicationContext [590] -| Refreshing org.springframework.boot.web.servlet.context.AnnotationConfigServletWebServerApplicationContext@2121ebf2: startup date [Wed Nov 14 20:54:57 CST 2018]; root of context hierarchy
2018-11-14 20:54:57.587 |-INFO  [restartedMain] org.springframework.boot.web.embedded.tomcat.TomcatWebServer [91] -| Tomcat initialized with port(s): 8081 (http)
2018-11-14 20:54:57.590 |-INFO  [restartedMain] org.apache.coyote.http11.Http11NioProtocol [180] -| Initializing ProtocolHandler ["http-nio-8081"]
2018-11-14 20:54:57.590 |-INFO  [restartedMain] org.apache.catalina.core.StandardService [180] -| Starting service [Tomcat]
2018-11-14 20:54:57.591 |-INFO  [restartedMain] org.apache.catalina.core.StandardEngine [180] -| Starting Servlet Engine: Apache Tomcat/8.5.32
2018-11-14 20:54:57.625 |-INFO  [localhost-startStop-1] org.apache.catalina.core.ContainerBase.[Tomcat].[localhost].[/] [180] -| Initializing Spring embedded WebApplicationContext
2018-11-14 20:54:57.625 |-INFO  [localhost-startStop-1] org.springframework.web.context.ContextLoader [285] -| Root WebApplicationContext: initialization completed in 493 ms
2018-11-14 20:54:57.635 |-INFO  [localhost-startStop-1] org.springframework.boot.web.servlet.ServletRegistrationBean [187] -| Servlet dispatcherServlet mapped to [/]
2018-11-14 20:54:57.636 |-INFO  [localhost-startStop-1] org.springframework.boot.web.servlet.FilterRegistrationBean [245] -| Mapping filter: 'characterEncodingFilter' to: [/*]
2018-11-14 20:54:57.636 |-INFO  [localhost-startStop-1] org.springframework.boot.web.servlet.FilterRegistrationBean [245] -| Mapping filter: 'hiddenHttpMethodFilter' to: [/*]
2018-11-14 20:54:57.636 |-INFO  [localhost-startStop-1] org.springframework.boot.web.servlet.FilterRegistrationBean [245] -| Mapping filter: 'httpPutFormContentFilter' to: [/*]
2018-11-14 20:54:57.636 |-INFO  [localhost-startStop-1] org.springframework.boot.web.servlet.FilterRegistrationBean [245] -| Mapping filter: 'requestContextFilter' to: [/*]
2018-11-14 20:54:57.746 |-INFO  [restartedMain] org.springframework.web.servlet.handler.SimpleUrlHandlerMapping [373] -| Mapped URL path [/**/favicon.ico] onto handler of type [class org.springframework.web.servlet.resource.ResourceHttpRequestHandler]
2018-11-14 20:54:57.768 |-INFO  [restartedMain] org.springframework.web.servlet.mvc.method.annotation.RequestMappingHandlerAdapter [574] -| Looking for @ControllerAdvice: org.springframework.boot.web.servlet.context.AnnotationConfigServletWebServerApplicationContext@2121ebf2: startup date [Wed Nov 14 20:54:57 CST 2018]; root of context hierarchy
2018-11-14 20:54:57.775 |-INFO  [restartedMain] org.springframework.web.servlet.mvc.method.annotation.RequestMappingHandlerMapping [547] -| Mapped "{[/]}" onto public java.lang.String com.lowyer.controller.DataController.test()
2018-11-14 20:54:57.776 |-INFO  [restartedMain] org.springframework.web.servlet.mvc.method.annotation.RequestMappingHandlerMapping [547] -| Mapped "{[/rest]}" onto public java.lang.String com.lowyer.controller.DataController.rest(java.lang.String,java.lang.String,java.lang.String)
2018-11-14 20:54:57.779 |-INFO  [restartedMain] org.springframework.web.servlet.mvc.method.annotation.RequestMappingHandlerMapping [547] -| Mapped "{[/error]}" onto public org.springframework.http.ResponseEntity<java.util.Map<java.lang.String, java.lang.Object>> org.springframework.boot.autoconfigure.web.servlet.error.BasicErrorController.error(javax.servlet.http.HttpServletRequest)
2018-11-14 20:54:57.780 |-INFO  [restartedMain] org.springframework.web.servlet.mvc.method.annotation.RequestMappingHandlerMapping [547] -| Mapped "{[/error],produces=[text/html]}" onto public org.springframework.web.servlet.ModelAndView org.springframework.boot.autoconfigure.web.servlet.error.BasicErrorController.errorHtml(javax.servlet.http.HttpServletRequest,javax.servlet.http.HttpServletResponse)
2018-11-14 20:54:57.787 |-INFO  [restartedMain] org.springframework.web.servlet.handler.SimpleUrlHandlerMapping [373] -| Mapped URL path [/webjars/**] onto handler of type [class org.springframework.web.servlet.resource.ResourceHttpRequestHandler]
2018-11-14 20:54:57.788 |-INFO  [restartedMain] org.springframework.web.servlet.handler.SimpleUrlHandlerMapping [373] -| Mapped URL path [/**] onto handler of type [class org.springframework.web.servlet.resource.ResourceHttpRequestHandler]
2018-11-14 20:54:57.811 |-WARN  [restartedMain] org.springframework.boot.autoconfigure.thymeleaf.ThymeleafAutoConfiguration$DefaultTemplateResolverConfiguration [104] -| Cannot find template location: classpath:/templates/ (please add some templates or check your Thymeleaf configuration)
2018-11-14 20:54:57.825 |-INFO  [restartedMain] org.springframework.ui.freemarker.SpringTemplateLoader [62] -| SpringTemplateLoader for FreeMarker: using resource loader [org.springframework.boot.web.servlet.context.AnnotationConfigServletWebServerApplicationContext@2121ebf2: startup date [Wed Nov 14 20:54:57 CST 2018]; root of context hierarchy] and template loader path [classpath:/templates/]
2018-11-14 20:54:57.826 |-INFO  [restartedMain] org.springframework.web.servlet.view.freemarker.FreeMarkerConfigurer [131] -| ClassTemplateLoader for Spring macros added to FreeMarker configuration
2018-11-14 20:54:57.830 |-WARN  [restartedMain] org.springframework.boot.autoconfigure.freemarker.FreeMarkerAutoConfiguration [70] -| Cannot find template location(s): [classpath:/templates/] (please add some templates, check your FreeMarker configuration, or set spring.freemarker.checkTemplateLocation=false)
2018-11-14 20:54:57.878 |-INFO  [restartedMain] org.springframework.boot.devtools.autoconfigure.OptionalLiveReloadServer [57] -| LiveReload server is running on port 35729
2018-11-14 20:54:57.903 |-INFO  [restartedMain] org.springframework.jmx.export.annotation.AnnotationMBeanExporter [433] -| Registering beans for JMX exposure on startup
2018-11-14 20:54:57.903 |-INFO  [restartedMain] org.springframework.jmx.export.annotation.AnnotationMBeanExporter [895] -| Bean with name 'dataSource' has been autodetected for JMX exposure
2018-11-14 20:54:57.905 |-INFO  [restartedMain] org.springframework.jmx.export.annotation.AnnotationMBeanExporter [668] -| Located MBean 'dataSource': registering with JMX server as MBean [com.alibaba.druid.pool:name=dataSource,type=DruidDataSource]
2018-11-14 20:54:57.910 |-INFO  [restartedMain] org.apache.coyote.http11.Http11NioProtocol [180] -| Starting ProtocolHandler ["http-nio-8081"]
2018-11-14 20:54:57.912 |-INFO  [restartedMain] org.apache.tomcat.util.net.NioSelectorPool [180] -| Using a shared selector for servlet write/read
2018-11-14 20:54:57.917 |-INFO  [restartedMain] org.springframework.boot.web.embedded.tomcat.TomcatWebServer [206] -| Tomcat started on port(s): 8081 (http) with context path ''
2018-11-14 20:54:57.918 |-INFO  [restartedMain] com.lowyer.BootApplication [59] -| Started BootApplication in 0.837 seconds (JVM running for 2159.149)
2018-11-14 20:54:57.919 |-INFO  [restartedMain] org.springframework.boot.devtools.autoconfigure.ConditionEvaluationDeltaLoggingListener [56] -| Condition evaluation unchanged
2018-11-14 20:55:44.612 |-INFO  [Thread-25] org.springframework.boot.web.servlet.context.AnnotationConfigServletWebServerApplicationContext [993] -| Closing org.springframework.boot.web.servlet.context.AnnotationConfigServletWebServerApplicationContext@2121ebf2: startup date [Wed Nov 14 20:54:57 CST 2018]; root of context hierarchy
2018-11-14 20:55:44.615 |-INFO  [Thread-25] org.springframework.jmx.export.annotation.AnnotationMBeanExporter [451] -| Unregistering JMX-exposed beans on shutdown
2018-11-14 20:55:44.615 |-INFO  [Thread-25] org.springframework.jmx.export.annotation.AnnotationMBeanExporter [185] -| Unregistering JMX-exposed beans
2018-11-14 20:55:47.705 |-INFO  [restartedMain] com.lowyer.BootApplication [50] -| Starting BootApplication on PC-20170630OVOP with PID 12500 (D:\gitresource\zjh\zhoujunhao\mylawyer\target\classes started by Administrator in D:\gitresource\zjh\zhoujunhao\mylawyer)
2018-11-14 20:55:47.705 |-INFO  [restartedMain] com.lowyer.BootApplication [666] -| The following profiles are active: dev
2018-11-14 20:55:47.709 |-INFO  [restartedMain] org.springframework.boot.web.servlet.context.AnnotationConfigServletWebServerApplicationContext [590] -| Refreshing org.springframework.boot.web.servlet.context.AnnotationConfigServletWebServerApplicationContext@60f7905b: startup date [Wed Nov 14 20:55:47 CST 2018]; root of context hierarchy
2018-11-14 20:55:48.356 |-INFO  [restartedMain] org.springframework.boot.web.embedded.tomcat.TomcatWebServer [91] -| Tomcat initialized with port(s): 8081 (http)
2018-11-14 20:55:48.357 |-INFO  [restartedMain] org.apache.coyote.http11.Http11NioProtocol [180] -| Initializing ProtocolHandler ["http-nio-8081"]
2018-11-14 20:55:48.358 |-INFO  [restartedMain] org.apache.catalina.core.StandardService [180] -| Starting service [Tomcat]
2018-11-14 20:55:48.358 |-INFO  [restartedMain] org.apache.catalina.core.StandardEngine [180] -| Starting Servlet Engine: Apache Tomcat/8.5.32
2018-11-14 20:55:48.397 |-INFO  [localhost-startStop-1] org.apache.catalina.core.ContainerBase.[Tomcat].[localhost].[/] [180] -| Initializing Spring embedded WebApplicationContext
2018-11-14 20:55:48.398 |-INFO  [localhost-startStop-1] org.springframework.web.context.ContextLoader [285] -| Root WebApplicationContext: initialization completed in 689 ms
2018-11-14 20:55:48.411 |-INFO  [localhost-startStop-1] org.springframework.boot.web.servlet.ServletRegistrationBean [187] -| Servlet dispatcherServlet mapped to [/]
2018-11-14 20:55:48.412 |-INFO  [localhost-startStop-1] org.springframework.boot.web.servlet.FilterRegistrationBean [245] -| Mapping filter: 'characterEncodingFilter' to: [/*]
2018-11-14 20:55:48.412 |-INFO  [localhost-startStop-1] org.springframework.boot.web.servlet.FilterRegistrationBean [245] -| Mapping filter: 'hiddenHttpMethodFilter' to: [/*]
2018-11-14 20:55:48.413 |-INFO  [localhost-startStop-1] org.springframework.boot.web.servlet.FilterRegistrationBean [245] -| Mapping filter: 'httpPutFormContentFilter' to: [/*]
2018-11-14 20:55:48.413 |-INFO  [localhost-startStop-1] org.springframework.boot.web.servlet.FilterRegistrationBean [245] -| Mapping filter: 'requestContextFilter' to: [/*]
2018-11-14 20:55:48.684 |-INFO  [restartedMain] org.springframework.web.servlet.handler.SimpleUrlHandlerMapping [373] -| Mapped URL path [/**/favicon.ico] onto handler of type [class org.springframework.web.servlet.resource.ResourceHttpRequestHandler]
2018-11-14 20:55:48.728 |-INFO  [restartedMain] org.springframework.web.servlet.mvc.method.annotation.RequestMappingHandlerAdapter [574] -| Looking for @ControllerAdvice: org.springframework.boot.web.servlet.context.AnnotationConfigServletWebServerApplicationContext@60f7905b: startup date [Wed Nov 14 20:55:47 CST 2018]; root of context hierarchy
2018-11-14 20:55:48.739 |-INFO  [restartedMain] org.springframework.web.servlet.mvc.method.annotation.RequestMappingHandlerMapping [547] -| Mapped "{[/]}" onto public java.lang.String com.lowyer.controller.DataController.test()
2018-11-14 20:55:48.740 |-INFO  [restartedMain] org.springframework.web.servlet.mvc.method.annotation.RequestMappingHandlerMapping [547] -| Mapped "{[/rest]}" onto public java.lang.String com.lowyer.controller.DataController.rest(java.lang.String,java.lang.String,java.lang.String)
2018-11-14 20:55:48.750 |-INFO  [restartedMain] org.springframework.web.servlet.mvc.method.annotation.RequestMappingHandlerMapping [547] -| Mapped "{[/error]}" onto public org.springframework.http.ResponseEntity<java.util.Map<java.lang.String, java.lang.Object>> org.springframework.boot.autoconfigure.web.servlet.error.BasicErrorController.error(javax.servlet.http.HttpServletRequest)
2018-11-14 20:55:48.751 |-INFO  [restartedMain] org.springframework.web.servlet.mvc.method.annotation.RequestMappingHandlerMapping [547] -| Mapped "{[/error],produces=[text/html]}" onto public org.springframework.web.servlet.ModelAndView org.springframework.boot.autoconfigure.web.servlet.error.BasicErrorController.errorHtml(javax.servlet.http.HttpServletRequest,javax.servlet.http.HttpServletResponse)
2018-11-14 20:55:48.762 |-INFO  [restartedMain] org.springframework.web.servlet.handler.SimpleUrlHandlerMapping [373] -| Mapped URL path [/webjars/**] onto handler of type [class org.springframework.web.servlet.resource.ResourceHttpRequestHandler]
2018-11-14 20:55:48.763 |-INFO  [restartedMain] org.springframework.web.servlet.handler.SimpleUrlHandlerMapping [373] -| Mapped URL path [/**] onto handler of type [class org.springframework.web.servlet.resource.ResourceHttpRequestHandler]
2018-11-14 20:55:48.795 |-WARN  [restartedMain] org.springframework.boot.autoconfigure.thymeleaf.ThymeleafAutoConfiguration$DefaultTemplateResolverConfiguration [104] -| Cannot find template location: classpath:/templates/ (please add some templates or check your Thymeleaf configuration)
2018-11-14 20:55:48.824 |-INFO  [restartedMain] org.springframework.ui.freemarker.SpringTemplateLoader [62] -| SpringTemplateLoader for FreeMarker: using resource loader [org.springframework.boot.web.servlet.context.AnnotationConfigServletWebServerApplicationContext@60f7905b: startup date [Wed Nov 14 20:55:47 CST 2018]; root of context hierarchy] and template loader path [classpath:/templates/]
2018-11-14 20:55:48.824 |-INFO  [restartedMain] org.springframework.web.servlet.view.freemarker.FreeMarkerConfigurer [131] -| ClassTemplateLoader for Spring macros added to FreeMarker configuration
2018-11-14 20:55:48.828 |-WARN  [restartedMain] org.springframework.boot.autoconfigure.freemarker.FreeMarkerAutoConfiguration [70] -| Cannot find template location(s): [classpath:/templates/] (please add some templates, check your FreeMarker configuration, or set spring.freemarker.checkTemplateLocation=false)
2018-11-14 20:55:48.891 |-INFO  [restartedMain] org.springframework.boot.devtools.autoconfigure.OptionalLiveReloadServer [57] -| LiveReload server is running on port 35729
2018-11-14 20:55:48.910 |-INFO  [restartedMain] org.springframework.jmx.export.annotation.AnnotationMBeanExporter [433] -| Registering beans for JMX exposure on startup
2018-11-14 20:55:48.911 |-INFO  [restartedMain] org.springframework.jmx.export.annotation.AnnotationMBeanExporter [895] -| Bean with name 'dataSource' has been autodetected for JMX exposure
2018-11-14 20:55:48.915 |-INFO  [restartedMain] org.springframework.jmx.export.annotation.AnnotationMBeanExporter [668] -| Located MBean 'dataSource': registering with JMX server as MBean [com.alibaba.druid.pool:name=dataSource,type=DruidDataSource]
2018-11-14 20:55:48.922 |-INFO  [restartedMain] org.apache.coyote.http11.Http11NioProtocol [180] -| Starting ProtocolHandler ["http-nio-8081"]
2018-11-14 20:55:48.924 |-INFO  [restartedMain] org.apache.tomcat.util.net.NioSelectorPool [180] -| Using a shared selector for servlet write/read
2018-11-14 20:55:48.930 |-INFO  [restartedMain] org.springframework.boot.web.embedded.tomcat.TomcatWebServer [206] -| Tomcat started on port(s): 8081 (http) with context path ''
2018-11-14 20:55:48.931 |-INFO  [restartedMain] com.lowyer.BootApplication [59] -| Started BootApplication in 1.276 seconds (JVM running for 2210.163)
2018-11-14 20:55:48.935 |-INFO  [restartedMain] org.springframework.boot.devtools.autoconfigure.ConditionEvaluationDeltaLoggingListener [56] -| Condition evaluation unchanged
